Arguments: 
  C:\Program Files\nodejs\node.exe C:\Users\xinhua\AppData\Roaming\npm\node_modules\yarn\bin\yarn.js add @babel/preset-env -D

PATH: 
  C:\Users\xinhua\bin;C:\Program Files\Git\mingw64\bin;C:\Program Files\Git\usr\local\bin;C:\Program Files\Git\usr\bin;C:\Program Files\Git\usr\bin;C:\Program Files\Git\mingw64\bin;C:\Program Files\Git\usr\bin;C:\Users\xinhua\bin;C:\Program Files (x86)\Intel\iCLS Client;C:\Program Files\Intel\iCLS Client;C:\Program Files\Common Files\Microsoft Shared\Windows Live;C:\Program Files (x86)\Common Files\Microsoft Shared\Windows Live;C:\Program Files (x86)\AMD APP\bin\x86_64;C:\Program Files (x86)\AMD APP\bin\x86;C:\WINDOWS\system32;C:\WINDOWS;C:\WINDOWS\System32\Wbem;C:\WINDOWS\System32\WindowsPowerShell\v1.0;C:\Program Files (x86)\ATI Technologies\ATI.ACE\Core-Static;C:\Program Files (x86)\Windows Live\Shared;C:\Program Files\Git\cmd;C:\Program Files\nodejs;C:\Program Files (x86)\Intel\Intel(R) Management Engine Components\DAL;C:\Program Files\Intel\Intel(R) Management Engine Components\DAL;C:\Program Files (x86)\Intel\Intel(R) Management Engine Components\IPT;C:\Program Files\Intel\Intel(R) Management Engine Components\IPT;C:\Users\xinhua\AppData\Local\Microsoft\WindowsApps;C:\Users\xinhua\AppData\Local\Programs\Microsoft VS Code\bin;C:\Users\xinhua\AppData\Roaming\npm;C:\Program Files\Git\usr\bin\vendor_perl;C:\Program Files\Git\usr\bin\core_perl

Yarn version: 
  1.15.2

Node version: 
  10.15.3

Platform: 
  win32 x64

Trace: 
  Error: connect ETIMEDOUT 104.16.16.35:443
      at TCPConnectWrap.afterConnect [as oncomplete] (net.js:1097:14)

npm manifest: 
  {
    "name": "w1",
    "version": "1.0.0",
    "description": "",
    "main": "index.js",
    "scripts": {
      "test": "echo \"Error: no test specified\" && exit 1",
      "build": "cross-env NODE_ENV=development webpack --mode development",
      "serve": "webpack-dev-server --mode development"
    },
    "keywords": [],
    "author": "",
    "license": "ISC",
    "devDependencies": {
      "@babel/cli": "^7.2.3",
      "@babel/core": "^7.3.4",
      "@babel/preset-env": "^7.3.4",
      "autoprefixer": "^9.4.10",
      "babel-loader": "^8.0.0-beta.0",
      "babel-plugin-lodash": "^3.3.4",
      "clean-webpack-plugin": "^1.0.1",
      "cross-env": "^5.2.0",
      "css-loader": "^2.1.1",
      "cssnano": "^4.1.10",
      "file-loader": "^3.0.1",
      "html-webpack-plugin": "^3.2.0",
      "lodash-webpack-plugin": "^0.11.5",
      "mini-css-extract-plugin": "^0.5.0",
      "optimize-css-assets-webpack-plugin": "^5.0.1",
      "postcss-cssnext": "^3.1.0",
      "postcss-loader": "^3.0.0",
      "postcss-pxtorem": "^4.0.1",
      "postcss-url": "^8.0.0",
      "style-loader": "^0.23.1",
      "url-loader": "^1.1.2",
      "webpack": "^4.29.6",
      "webpack-cli": "^3.2.3",
      "webpack-dev-server": "^3.2.1"
    },
    "dependencies": {
      "@babel/polyfill": "^7.2.5",
      "lodash": "^4.17.11"
    }
  }

yarn manifest: 
  No manifest

Lockfile: 
  No lockfile
