Arguments: 
  C:\Program Files\nodejs\node.exe C:\Users\admin\AppData\Roaming\npm\node_modules\yarn\bin\yarn.js add nodemon -D

PATH: 
  C:\Program Files\Git\mingw64\bin;C:\Program Files\Git\usr\bin;C:\Users\admin\bin;C:\ProgramData\Oracle\Java\javapath;C:\Windows\system32;C:\Windows;C:\Windows\System32\Wbem;C:\Windows\System32\WindowsPowerShell\v1.0;C:\Program Files (x86)\Common Files\microsoft shared\TigerKin;C:\Program Files (x86)\NVIDIA Corporation\PhysX\Common;C:\Program Files (x86)\Windows Kits\8.1\Windows Performance Toolkit;C:\Users\admin\AppData\Local\Yarn\bin;C:\Program Files\Git\cmd;C:\WINDOWS\system32;C:\WINDOWS;C:\WINDOWS\System32\Wbem;C:\WINDOWS\System32\WindowsPowerShell\v1.0;C:\WINDOWS\System32\OpenSSH;C:\Users\admin\AppData\Roaming\nvm;C:\Program Files\nodejs;C:\Users\admin\AppData\Local\Yarn\bin;D:\Program Files\Microsoft VS Code\bin;C:\Users\admin\AppData\Local\Microsoft\WindowsApps;C:\Users\admin\AppData\Roaming\npm;C:\Users\admin\AppData\Roaming\nvm;C:\Program Files\nodejs

Yarn version: 
  1.12.3

Node version: 
  8.10.0

Platform: 
  win32 ia32

Trace: 
  Error: ENOENT: no such file or directory, copyfile 'C:\Users\admin\AppData\Local\Yarn\Cache\v4\npm-ms-2.1.2-d09d1f357b443f493382a8eb3ccd183872ae6009\node_modules\ms\license.md' -> 'D:\freddie\electron\electron-quick-start\node_modules\electron-download\node_modules\ms\license.md'

npm manifest: 
  {
    "name": "electron-quick-start",
    "version": "1.0.0",
    "description": "A minimal Electron application",
    "main": "main.js",
    "scripts": {
      "start": "electron ."
    },
    "repository": "https://github.com/electron/electron-quick-start",
    "keywords": [
      "Electron",
      "quick",
      "start",
      "tutorial",
      "demo"
    ],
    "author": "GitHub",
    "license": "CC0-1.0",
    "devDependencies": {
      "electron": "^5.0.7"
    }
  }

yarn manifest: 
  No manifest

Lockfile: 
  No lockfile
